<?xml version="1.0" encoding="UTF-8"?>
<!-- Generated by org.testng.reporters.JUnitReportReporter -->
<testsuite skipped="0" hostname="ip-172-31-86-233" name="RestAPI.GetRequest" tests="1" failures="0" timestamp="09 Dec 2021 12:50:33 GMT" time="1.569" errors="0">
  <testcase name="GetCall" time="1.569" classname="RestAPI.GetRequest"/>
</testsuite> <!-- RestAPI.GetRequest -->
