<?xml version="1.0" encoding="UTF-8"?>
<!-- Generated by org.testng.reporters.JUnitReportReporter -->
<testsuite skipped="0" hostname="ip-172-31-86-233" name="RestAPI.PostRequest" tests="1" failures="0" timestamp="09 Dec 2021 12:50:33 GMT" time="0.296" errors="0">
  <testcase name="PostCall" time="0.296" classname="RestAPI.PostRequest"/>
</testsuite> <!-- RestAPI.PostRequest -->
